<?xml version="1.0" encoding="UTF-8"?>
<testsuite name="BattleMapTest" tests="5" skipped="0" failures="0" errors="0" timestamp="2021-02-01T00:31:21" hostname="kate-Latitude-E7440" time="0.139">
  <properties/>
  <testcase name="BattleMapInitWorks()" classname="BattleMapTest" time="0.059"/>
  <testcase name="BattleMapCheckLineOfSightWorks()" classname="BattleMapTest" time="0.003"/>
  <testcase name="BattleMapGetProjectilePathWorks()" classname="BattleMapTest" time="0.002"/>
  <testcase name="BattleMapSerializationTest()" classname="BattleMapTest" time="0.056"/>
  <testcase name="BattleMapFindPathBetweenTwoTilesWorks()" classname="BattleMapTest" time="0.009"/>
  <system-out><![CDATA[]]></system-out>
  <system-err><![CDATA[]]></system-err>
</testsuite>
