<?xml version="1.0" encoding="UTF-8"?>
<testsuite name="FighterFactoryTest" tests="1" skipped="0" failures="0" errors="0" timestamp="2021-01-13T19:02:31" hostname="kate-Latitude-E7440" time="0.04">
  <properties/>
  <testcase name="fighterFactoryMakeFighterWorks()" classname="FighterFactoryTest" time="0.04"/>
  <system-out><![CDATA[]]></system-out>
  <system-err><![CDATA[]]></system-err>
</testsuite>
