<?xml version="1.0" encoding="UTF-8"?>
<testsuite name="TileFactoryTest" tests="1" skipped="0" failures="0" errors="0" timestamp="2021-02-01T13:40:46" hostname="kate-Latitude-E7440" time="0.068">
  <properties/>
  <testcase name="tileFactoryMakeTileWorks()" classname="TileFactoryTest" time="0.068"/>
  <system-out><![CDATA[]]></system-out>
  <system-err><![CDATA[]]></system-err>
</testsuite>
