<?xml version="1.0" encoding="UTF-8"?>
<testsuite name="BattleMapTest" tests="4" skipped="0" failures="0" errors="0" timestamp="2021-01-25T00:27:10" hostname="kate-Latitude-E7440" time="0.081">
  <properties/>
  <testcase name="BattleMapInitWorks()" classname="BattleMapTest" time="0.058"/>
  <testcase name="BattleMapCheckLineOfSightWorks()" classname="BattleMapTest" time="0.004"/>
  <testcase name="BattleMapGetProjectilePathWorks()" classname="BattleMapTest" time="0.002"/>
  <testcase name="BattleMapFindPathBetweenTwoTilesWorks()" classname="BattleMapTest" time="0.01"/>
  <system-out><![CDATA[]]></system-out>
  <system-err><![CDATA[]]></system-err>
</testsuite>
