<?xml version="1.0" encoding="UTF-8"?>
<testsuite name="SushiMinHeapTest" tests="1" skipped="0" failures="0" errors="0" timestamp="2021-01-27T23:39:03" hostname="kate-Latitude-E7440" time="0.042">
  <properties/>
  <testcase name="sushiMinHeapWorks()" classname="SushiMinHeapTest" time="0.042"/>
  <system-out><![CDATA[]]></system-out>
  <system-err><![CDATA[]]></system-err>
</testsuite>
